This is TeX, Version 3.14159 (C version 6.1) (format=latex 97.11.15)  29 JUN 1998 01:06
**guide_en.tex
(guide_en.tex
LaTeX2e <1996/12/01> patch level 1
Babel <v3.6h> and hyphenation patterns for american, german, loaded.
(/usr/lib/teTeX/texmf/tex/latex/base/latex209.def
File: latex209.def 1996/05/21 v0.51 Standard LaTeX file

Entering LaTeX 2.09 compatibility mode.
\footheight=\dimen102
\@maxsep=\dimen103
\@dblmaxsep=\dimen104
\@cla=\count79
\@clb=\count80
\mscount=\count81
(/usr/lib/teTeX/texmf/tex/latex/base/tracefnt.sty
Package: tracefnt 1996/07/26 v3.0i Standard LaTeX package (font tracing)
\tracingfonts=\count82
LaTeX Info: Redefining \selectfont on input line 139.
)
\symbold=\mathgroup4
\symsans=\mathgroup5
\symtypewriter=\mathgroup6
\symitalic=\mathgroup7
\symsmallcaps=\mathgroup8
\symslanted=\mathgroup9
LaTeX Font Info:    Redeclaring math alphabet \mathbf on input line 306.
LaTeX Font Info:    Redeclaring math alphabet \mathsf on input line 307.
LaTeX Font Info:    Redeclaring math alphabet \mathtt on input line 308.
LaTeX Font Info:    Redeclaring math alphabet \mathit on input line 314.
LaTeX Info: Redefining \em on input line 324.

(/usr/lib/teTeX/texmf/tex/latex/base/latexsym.sty
Package: latexsym 1996/11/20 v2.2d Standard LaTeX package (lasy symbols)
\symlasy=\mathgroup10
LaTeX Font Info:    Overwriting symbol font `lasy' in version `bold'
(Font)                  U/lasy/m/n --> U/lasy/b/n on input line 85.
)
LaTeX Font Info:    Redeclaring math delimiter \lgroup on input line 388.
LaTeX Font Info:    Redeclaring math delimiter \rgroup on input line 390.
LaTeX Font Info:    Redeclaring math delimiter \bracevert on input line 392.

(/usr/lib/teTeX/texmf/tex/latex/config/latex209.cfg
(/usr/lib/teTeX/texmf/tex/latex/tools/rawfonts.sty
Compatibility mode: package `' requested, but `rawfonts' provided.
Package: rawfonts 1994/05/08 Low-level LaTeX 2.09 font compatibility

(/usr/lib/teTeX/texmf/tex/latex/tools/somedefs.sty
Package: somedefs 1994/06/01 Toolkit for optional definitions
)
LaTeX Font Info:    Try loading font information for U+lasy on input line 36.

(/usr/lib/teTeX/texmf/tex/latex/base/ulasy.fd
File: ulasy.fd 1996/11/20 v2.2dLaTeX symbol font definitions
))))
(/usr/lib/teTeX/texmf/tex/latex/base/report.cls
Document Class: report 1996/10/31 v1.3u Standard LaTeX document class
(/usr/lib/teTeX/texmf/tex/latex/base/size10.clo
File: size10.clo 1996/10/31 v1.3u Standard LaTeX file (size option)
)
\c@part=\count83
\c@chapter=\count84
\c@section=\count85
\c@subsection=\count86
\c@subsubsection=\count87
\c@paragraph=\count88
\c@subparagraph=\count89
\c@figure=\count90
\c@table=\count91
\abovecaptionskip=\skip41
\belowcaptionskip=\skip42
Compatibility mode: definition of \rm ignored.
Compatibility mode: definition of \sf ignored.
Compatibility mode: definition of \tt ignored.
Compatibility mode: definition of \bf ignored.
Compatibility mode: definition of \it ignored.
Compatibility mode: definition of \sl ignored.
Compatibility mode: definition of \sc ignored.
LaTeX Info: Redefining \cal on input line 622.
LaTeX Info: Redefining \mit on input line 623.
\bibindent=\dimen105
)
(/usr/lib/teTeX/texmf/tex/generic/dvips/epsf.sty
(/usr/lib/teTeX/texmf/tex/generic/dvips/epsf.tex
\epsffilein=\read1
\epsfxsize=\dimen106
\epsfysize=\dimen107
\epsftsize=\dimen108
\epsfrsize=\dimen109
\epsftmp=\dimen110
\pspoints=\dimen111
))
(/usr/lib/teTeX/texmf/tex/latex/psnfss/palatino.sty
Package: palatino 1995/08/16 5.2 Palatino PSNFSS2e package
)
(/usr/lib/teTeX/texmf/tex/latex/base/makeidx.sty
Package: makeidx 1995/04/19 v1.0j Standard LaTeX package
) (refman.sty
 TU Wien Refman Style - Version 1.1 as of 17 Oct 1992
\leftmarginwidth=\dimen112
\fullwidth=\dimen113
\emptyheadtopmargin=\dimen114
\emptyfoottopmargin=\dimen115
\templength@=\dimen116
)
\@indexfile=\write3

Writing index file guide_en.idx
\c@myexample=\count92
(guide_en.aux)
LaTeX Font Info:    Checking defaults for OML/cmm/m/it on input line 138.
LaTeX Font Info:    ... okay on input line 138.
LaTeX Font Info:    Checking defaults for T1/cmr/m/n on input line 138.
LaTeX Font Info:    ... okay on input line 138.
LaTeX Font Info:    Checking defaults for OT1/cmr/m/n on input line 138.
LaTeX Font Info:    ... okay on input line 138.
LaTeX Font Info:    Checking defaults for OMS/cmsy/m/n on input line 138.
LaTeX Font Info:    ... okay on input line 138.
LaTeX Font Info:    Checking defaults for OMX/cmex/m/n on input line 138.
LaTeX Font Info:    ... okay on input line 138.
LaTeX Font Info:    Checking defaults for U/cmr/m/n on input line 138.
LaTeX Font Info:    ... okay on input line 138.
LaTeX Font Info:    Try loading font information for OT1+ppl on input line 138.

 (/usr/lib/teTeX/texmf/tex/latex/psnfss/ot1ppl.fd
File: OT1ppl.fd 1996/01/28 Fontinst v1.504 font definitions for OT1/ppl.
)
LaTeX Font Info:    Try loading font information for OT1+phv on input line 149.


(/usr/lib/teTeX/texmf/tex/latex/psnfss/ot1phv.fd
File: OT1phv.fd 1996/01/28 Fontinst v1.504 font definitions for OT1/phv.
) [1


]
LaTeX Font Info:    Try loading font information for OMS+ppl on input line 165.


(/usr/lib/teTeX/texmf/tex/latex/psnfss/omsppl.fd
File: OMSppl.fd 
)
LaTeX Font Info:    Font shape `OMS/ppl/m/n' in size <9> not available
(Font)              Font shape `OMS/cmsy/m/n' tried instead on input line 165.
Missing character: There is no ^^e4 in font pplr7t!
 [2]
LaTeX Font Info:    Font shape `OT1/ppl/bx/n' in size <14.4> not available
(Font)              Font shape `OT1/ppl/b/n' tried instead on input line 174.
 (guide_en.toc
LaTeX Font Info:    Font shape `OT1/ppl/bx/n' in size <10> not available
(Font)              Font shape `OT1/ppl/b/n' tried instead on input line 1.
LaTeX Font Info:    External font `cmex10' loaded for size
(Font)              <7> on input line 2.
LaTeX Font Info:    External font `cmex10' loaded for size
(Font)              <5> on input line 2.
 [3

])
\tf@toc=\write4

[4]
Chapter 1.
LaTeX Font Info:    Font shape `OT1/ppl/bx/n' in size <12> not available
(Font)              Font shape `OT1/ppl/b/n' tried instead on input line 181.
LaTeX Font Info:    Font shape `OMS/ppl/m/n' in size <10> not available
(Font)              Font shape `OMS/cmsy/m/n' tried instead on input line 198.
LaTeX Font Info:    Try loading font information for OT1+pcr on input line 225.

(/usr/lib/teTeX/texmf/tex/latex/psnfss/ot1pcr.fd
File: OT1pcr.fd 1996/01/28 Fontinst v1.504 font definitions for OT1/pcr.
) [1

] [2]
Chapter 2.
[3

] [4] [5] [6]

LaTeX Warning: Marginpar on page 7 moved on input line 545.

[7] [8] [9] [10] [11] [12] [13] [14] [15] [16] [17] [18] [19]
Missing character: There is no ^^ed in font pplr7t!
 [20]
Chapter 3.
[21

]
LaTeX Font Info:    External font `cmex10' loaded for size
(Font)              <8> on input line 1348.
LaTeX Font Info:    External font `cmex10' loaded for size
(Font)              <6> on input line 1348.
 [22] [23] [24] [25] [26] [27] [28]
Chapter 4.
[29

] [30] [31]
Chapter 5.
[32

] [33]
Underfull \hbox (badness 1205) in paragraph at lines 1899--1902
\OT1/ppl/m/n/10 The \OT1/pcr/m/n/10 RESOURCENAME \OT1/ppl/m/n/10 is a string co
n-tain-ing the name of the re-source, e.g.
 []

[34] [35] [36] [37]

LaTeX Warning: Float too large for page by 29.52647pt on input line 2256.

[38] [39] [40] (guide_en.ind [41

]) [42] (guide_en.aux) ) 
Here is how much of TeX's memory you used:
 951 strings out of 10906
 10039 string characters out of 72186
 53706 words of memory out of 262141
 3725 multiletter control sequences out of 9500
 33069 words of font info for 112 fonts, out of 150000 for 255
 14 hyphenation exceptions out of 607
 23i,8n,21p,339b,393s stack positions out of 300i,40n,60p,3000b,4000s

Output written on guide_en.dvi (46 pages, 129188 bytes).
