This is TeX, Version 3.14159 (C version 6.1) (format=latex 97.11.15)  29 JUN 1998 01:07
**short_de.tex
(short_de.tex
LaTeX2e <1996/12/01> patch level 1
Babel <v3.6h> and hyphenation patterns for american, german, loaded.
(/usr/lib/teTeX/texmf/tex/latex/base/latex209.def
File: latex209.def 1996/05/21 v0.51 Standard LaTeX file

Entering LaTeX 2.09 compatibility mode.
\footheight=\dimen102
\@maxsep=\dimen103
\@dblmaxsep=\dimen104
\@cla=\count79
\@clb=\count80
\mscount=\count81
(/usr/lib/teTeX/texmf/tex/latex/base/tracefnt.sty
Package: tracefnt 1996/07/26 v3.0i Standard LaTeX package (font tracing)
\tracingfonts=\count82
LaTeX Info: Redefining \selectfont on input line 139.
)
\symbold=\mathgroup4
\symsans=\mathgroup5
\symtypewriter=\mathgroup6
\symitalic=\mathgroup7
\symsmallcaps=\mathgroup8
\symslanted=\mathgroup9
LaTeX Font Info:    Redeclaring math alphabet \mathbf on input line 306.
LaTeX Font Info:    Redeclaring math alphabet \mathsf on input line 307.
LaTeX Font Info:    Redeclaring math alphabet \mathtt on input line 308.
LaTeX Font Info:    Redeclaring math alphabet \mathit on input line 314.
LaTeX Info: Redefining \em on input line 324.

(/usr/lib/teTeX/texmf/tex/latex/base/latexsym.sty
Package: latexsym 1996/11/20 v2.2d Standard LaTeX package (lasy symbols)
\symlasy=\mathgroup10
LaTeX Font Info:    Overwriting symbol font `lasy' in version `bold'
(Font)                  U/lasy/m/n --> U/lasy/b/n on input line 85.
)
LaTeX Font Info:    Redeclaring math delimiter \lgroup on input line 388.
LaTeX Font Info:    Redeclaring math delimiter \rgroup on input line 390.
LaTeX Font Info:    Redeclaring math delimiter \bracevert on input line 392.

(/usr/lib/teTeX/texmf/tex/latex/config/latex209.cfg
(/usr/lib/teTeX/texmf/tex/latex/tools/rawfonts.sty
Compatibility mode: package `' requested, but `rawfonts' provided.
Package: rawfonts 1994/05/08 Low-level LaTeX 2.09 font compatibility

(/usr/lib/teTeX/texmf/tex/latex/tools/somedefs.sty
Package: somedefs 1994/06/01 Toolkit for optional definitions
)
LaTeX Font Info:    Try loading font information for U+lasy on input line 36.

(/usr/lib/teTeX/texmf/tex/latex/base/ulasy.fd
File: ulasy.fd 1996/11/20 v2.2dLaTeX symbol font definitions
))))
(/usr/lib/teTeX/texmf/tex/latex/base/report.cls
Document Class: report 1996/10/31 v1.3u Standard LaTeX document class
(/usr/lib/teTeX/texmf/tex/latex/base/size10.clo
File: size10.clo 1996/10/31 v1.3u Standard LaTeX file (size option)
)
\c@part=\count83
\c@chapter=\count84
\c@section=\count85
\c@subsection=\count86
\c@subsubsection=\count87
\c@paragraph=\count88
\c@subparagraph=\count89
\c@figure=\count90
\c@table=\count91
\abovecaptionskip=\skip41
\belowcaptionskip=\skip42
Compatibility mode: definition of \rm ignored.
Compatibility mode: definition of \sf ignored.
Compatibility mode: definition of \tt ignored.
Compatibility mode: definition of \bf ignored.
Compatibility mode: definition of \it ignored.
Compatibility mode: definition of \sl ignored.
Compatibility mode: definition of \sc ignored.
LaTeX Info: Redefining \cal on input line 622.
LaTeX Info: Redefining \mit on input line 623.
\bibindent=\dimen105
)
(/usr/lib/teTeX/texmf/tex/generic/dvips/epsf.sty
(/usr/lib/teTeX/texmf/tex/generic/dvips/epsf.tex
\epsffilein=\read1
\epsfxsize=\dimen106
\epsfysize=\dimen107
\epsftsize=\dimen108
\epsfrsize=\dimen109
\epsftmp=\dimen110
\pspoints=\dimen111
))
(/usr/lib/teTeX/texmf/tex/latex/psnfss/palatino.sty
Package: palatino 1995/08/16 5.2 Palatino PSNFSS2e package
)
(/usr/lib/teTeX/texmf/tex/latex/umlaute/umlaut.sty
Package: umlaut 
)
(/usr/lib/teTeX/texmf/tex/latex/base/inputenc.sty beta test version
Package: inputenc 1996/11/23 v0.9w Input encoding file (test version: still lia
ble to change)

(/usr/lib/teTeX/texmf/tex/latex/base/latin1.def
File: latin1.def 1996/11/23 v0.9w Input encoding file (test version: still liab
le to change)
))
(/usr/lib/teTeX/texmf/tex/generic/misc/german.sty
Package `german', Version 2.5c of 96/05/01.
Package: german 1996/05/01 v2.5c Package for writing german texts (br)
\grmnU@D=\dimen112
german -- \language number for Austrian undefined, default 1 used.
german -- \language number for French undefined, default 255 used.
)
(/usr/lib/teTeX/texmf/tex/latex/base/makeidx.sty
Package: makeidx 1995/04/19 v1.0j Standard LaTeX package
) (refman.sty
 TU Wien Refman Style - Version 1.1 as of 17 Oct 1992
\leftmarginwidth=\dimen113
\fullwidth=\dimen114
\emptyheadtopmargin=\dimen115
\emptyfoottopmargin=\dimen116
\templength@=\dimen117
)
\@indexfile=\write3

Writing index file short_de.idx
\c@myexample=\count92
(short_de.aux)
LaTeX Font Info:    Checking defaults for OML/cmm/m/it on input line 136.
LaTeX Font Info:    ... okay on input line 136.
LaTeX Font Info:    Checking defaults for T1/cmr/m/n on input line 136.
LaTeX Font Info:    ... okay on input line 136.
LaTeX Font Info:    Checking defaults for OT1/cmr/m/n on input line 136.
LaTeX Font Info:    ... okay on input line 136.
LaTeX Font Info:    Checking defaults for OMS/cmsy/m/n on input line 136.
LaTeX Font Info:    ... okay on input line 136.
LaTeX Font Info:    Checking defaults for OMX/cmex/m/n on input line 136.
LaTeX Font Info:    ... okay on input line 136.
LaTeX Font Info:    Checking defaults for U/cmr/m/n on input line 136.
LaTeX Font Info:    ... okay on input line 136.
LaTeX Font Info:    Try loading font information for OT1+ppl on input line 136.

 (/usr/lib/teTeX/texmf/tex/latex/psnfss/ot1ppl.fd
File: OT1ppl.fd 1996/01/28 Fontinst v1.504 font definitions for OT1/ppl.
)
LaTeX Font Info:    Try loading font information for OT1+phv on input line 147.


(/usr/lib/teTeX/texmf/tex/latex/psnfss/ot1phv.fd
File: OT1phv.fd 1996/01/28 Fontinst v1.504 font definitions for OT1/phv.
) [1


]
LaTeX Font Info:    Try loading font information for OMS+ppl on input line 163.


(/usr/lib/teTeX/texmf/tex/latex/psnfss/omsppl.fd
File: OMSppl.fd 
)
LaTeX Font Info:    Font shape `OMS/ppl/m/n' in size <9> not available
(Font)              Font shape `OMS/cmsy/m/n' tried instead on input line 163.
 [2]
LaTeX Font Info:    Font shape `OT1/ppl/bx/n' in size <14.4> not available
(Font)              Font shape `OT1/ppl/b/n' tried instead on input line 174.
 (short_de.toc
LaTeX Font Info:    Font shape `OT1/ppl/bx/n' in size <10> not available
(Font)              Font shape `OT1/ppl/b/n' tried instead on input line 1.
LaTeX Font Info:    External font `cmex10' loaded for size
(Font)              <7> on input line 2.
LaTeX Font Info:    External font `cmex10' loaded for size
(Font)              <5> on input line 2.
 [3

])
\tf@toc=\write4

[4]
Kapitel 1.
LaTeX Font Info:    Font shape `OT1/ppl/bx/n' in size <12> not available
(Font)              Font shape `OT1/ppl/b/n' tried instead on input line 181.
LaTeX Font Info:    Font shape `OMS/ppl/m/n' in size <10> not available
(Font)              Font shape `OMS/cmsy/m/n' tried instead on input line 201.
LaTeX Font Info:    Try loading font information for OT1+pcr on input line 230.

(/usr/lib/teTeX/texmf/tex/latex/psnfss/ot1pcr.fd
File: OT1pcr.fd 1996/01/28 Fontinst v1.504 font definitions for OT1/pcr.
) [1

] [2] [3]
Kapitel 2.
[4

] [5] [6] [7] [8] [9] [10] [11] [12] [13] [14]
Underfull \hbox (badness 1067) in paragraph at lines 1137--1142
\OT1/ppl/m/n/10 Standard-Einstellungen des Men[]us sind mit dem View-Defaults-D
ialog des
 []

[15] [16] [17] [18]
Underfull \hbox (badness 1087) in paragraph at lines 1325--1334
[][][]\OT1/ppl/m/n/10 Ein Pro-gramm be-steht be-kannt-lich nicht nur aus ei-ner
 Be-nut-ze-ro-ber-fl[]ache.
 []

[19] [20]
Kapitel 3.
[21

]
LaTeX Font Info:    External font `cmex10' loaded for size
(Font)              <8> on input line 1502.
LaTeX Font Info:    External font `cmex10' loaded for size
(Font)              <6> on input line 1502.

Underfull \hbox (badness 1033) in paragraph at lines 1513--1521
[]\OT1/ppl/m/n/10 Als n[]achstes brau-chen wir ei-ne Men[]ulei-ste. Durch den M
en[]upunkt \OT1/ppl/m/it/10 Me-nu-
 []

[22] [23] [24] [25] [26]
Underfull \hbox (badness 1466) in paragraph at lines 1687--1692
\OT1/ppl/m/n/10 Um den Quell-co-de des ge-sam-ten Pro-jek-tes zu ge-ne-rie-ren,
 w[]ahlen Sie im
 []

[27] [28]
Kapitel 4.
[29

] [30] [31]
Kapitel 5.

Underfull \hbox (badness 1142) in paragraph at lines 2036--2040
\OT1/ppl/m/n/10 Bei der Ge-ne-rie-rung des Quell-co-des wer-den Da-tei-en aus d
em Ver-zeich-nis
 []

[32

] [33] [34] [35] [36] [37] [38] [39] [40] (short_de.ind [41

]) [42]
(short_de.aux) ) 
Here is how much of TeX's memory you used:
 1183 strings out of 10906
 12633 string characters out of 72186
 59043 words of memory out of 262141
 3937 multiletter control sequences out of 9500
 33069 words of font info for 112 fonts, out of 150000 for 255
 14 hyphenation exceptions out of 607
 28i,8n,21p,353b,395s stack positions out of 300i,40n,60p,3000b,4000s

Output written on short_de.dvi (46 pages, 147912 bytes).
